<?xml version="1.0" encoding="utf-8" standalone="no"?>
<!--This file represents the results of running a test suite-->
<test-results name="C:\Users\vIN\Desktop\KinJen\Prueba\LibreriaProbar\bin\Debug\LibreriaProbar.nunit" total="7" errors="0" failures="0" not-run="0" inconclusive="0" ignored="0" skipped="0" invalid="0" date="2016-06-01" time="04:50:05">
  <environment nunit-version="2.6.4.14350" clr-version="2.0.50727.8009" os-version="Microsoft Windows NT 6.2.9200.0" platform="Win32NT" cwd="C:\Program Files\NUnit-2.6.4\bin" machine-name="ASUS" user="vIN" user-domain="ASUS" />
  <culture-info current-culture="es-PE" current-uiculture="es-ES" />
  <test-suite type="Project" name="C:\Users\vIN\Desktop\KinJen\Prueba\LibreriaProbar\bin\Debug\LibreriaProbar.nunit" executed="True" result="Success" success="True" time="0.241" asserts="0">
    <results>
      <test-suite type="Assembly" name="C:\Users\vIN\Desktop\KinJen\Prueba\LibreriaProbar\bin\Debug\LibreriaProbar.dll" executed="True" result="Success" success="True" time="0.221" asserts="0">
        <results>
          <test-suite type="Namespace" name="LibreriaProbar" executed="True" result="Success" success="True" time="0.221" asserts="0">
            <results>
              <test-suite type="TestFixture" name="LibreriaProbar" executed="True" result="Success" success="True" time="0.151" asserts="0">
                <results>
                  <test-case name="LibreriaProbar.LibreriaProbar.TestBoolFalse" executed="True" result="Success" success="True" time="0.043" asserts="1" />
                  <test-case name="LibreriaProbar.LibreriaProbar.TestBoolTrue" executed="True" result="Success" success="True" time="0.001" asserts="1" />
                  <test-case name="LibreriaProbar.LibreriaProbar.TestSumaEqual" executed="True" result="Success" success="True" time="0.016" asserts="1" />
                  <test-case name="LibreriaProbar.LibreriaProbar.TestSumaNotEqual" executed="True" result="Success" success="True" time="0.009" asserts="1" />
                  <test-case name="LibreriaProbar.LibreriaProbar.TestUnirEqual" executed="True" result="Success" success="True" time="0.002" asserts="1" />
                  <test-case name="LibreriaProbar.LibreriaProbar.TestUnirNotEqual" executed="True" result="Success" success="True" time="0.001" asserts="1" />
                  <test-case name="LibreriaProbar.LibreriaProbar.TestUnirNull" executed="True" result="Success" success="True" time="0.001" asserts="1" />
                </results>
              </test-suite>
            </results>
          </test-suite>
        </results>
      </test-suite>
    </results>
  </test-suite>
</test-results>